<?xml version="1.0" encoding="UTF-8"?>
<testsuite name="scrap.heap.refactor.AppTest" tests="1" skipped="0" failures="0" errors="0" timestamp="2020-09-30T20:11:24" hostname="bawlipoonchs-MacBook-Pro.local" time="0.059">
  <properties/>
  <testcase name="testAppHasAGreeting" classname="scrap.heap.refactor.AppTest" time="0.059"/>
  <system-out><![CDATA[Order:
[Balloon[RED, mylar], Units:4]
[Cake[chocolate, chocolate, circle, large, brown], Units:1]
]]></system-out>
  <system-err><![CDATA[]]></system-err>
</testsuite>
